
/home/runner/work/exp-determination-of-ts-nitk/exp-determination-of-ts-nitk/experiment/simulation/js/jquerymin.js
  2:71     warning  'module' is not defined                                                    no-undef
  2:86     warning  'module' is not defined                                                    no-undef
  2:863    warning  'b' is assigned a value but never used                                     no-unused-vars
  2:3050   warning  'r' is assigned a value but never used                                     no-unused-vars
  2:5376   warning  Unexpected control character(s) in regular expression: \x1f, \x1f          no-control-regex
  2:5847   warning  Expected a conditional expression and instead saw an assignment            no-cond-assign
  2:6101   warning  Expected a conditional expression and instead saw an assignment            no-cond-assign
  2:6532   warning  Expected a conditional expression and instead saw an assignment            no-cond-assign
  2:6758   warning  Empty block statement                                                      no-empty
  2:7320   warning  Expected a conditional expression and instead saw an assignment            no-cond-assign
  2:9378   warning  Expected a conditional expression and instead saw an assignment            no-cond-assign
  2:9688   warning  Expected a conditional expression and instead saw an assignment            no-cond-assign
  2:11489  warning  Expected a conditional expression and instead saw an assignment            no-cond-assign
  2:12064  warning  Expected a conditional expression and instead saw an assignment            no-cond-assign
  2:12102  warning  Expected a conditional expression and instead saw an assignment            no-cond-assign
  2:12520  warning  Empty block statement                                                      no-empty
  2:13134  warning  Expected a conditional expression and instead saw an assignment            no-cond-assign
  2:13446  warning  Expected a conditional expression and instead saw an assignment            no-cond-assign
  2:15271  warning  Expected a conditional expression and instead saw an assignment            no-cond-assign
  2:15542  warning  Expected a conditional expression and instead saw an assignment            no-cond-assign
  2:15740  warning  Expected a conditional expression and instead saw an assignment            no-cond-assign
  2:16114  warning  Do not access Object.prototype method 'hasOwnProperty' from target object  no-prototype-builtins
  2:16815  warning  Expected a conditional expression and instead saw an assignment            no-cond-assign
  2:19155  warning  Expected a conditional expression and instead saw an assignment            no-cond-assign
  2:19255  warning  Expected a conditional expression and instead saw an assignment            no-cond-assign
  2:19315  warning  Expected a conditional expression and instead saw an assignment            no-cond-assign
  2:20674  warning  Expected a conditional expression and instead saw an assignment            no-cond-assign
  2:21288  warning  Expected a conditional expression and instead saw an assignment            no-cond-assign
  2:21399  warning  Expected a conditional expression and instead saw an assignment            no-cond-assign
  2:23719  warning  Unnecessary escape character: \/                                           no-useless-escape
  2:33344  warning  Empty block statement                                                      no-empty
  2:37050  warning  Unnecessary escape character: \/                                           no-useless-escape
  2:38265  warning  Expected a conditional expression and instead saw an assignment            no-cond-assign
  2:38405  warning  Expected a conditional expression and instead saw an assignment            no-cond-assign
  2:39039  warning  Empty block statement                                                      no-empty
  2:45778  warning  Unnecessary escape character: \/                                           no-useless-escape
  2:48087  warning  Expected a conditional expression and instead saw an assignment            no-cond-assign
  2:49647  warning  Empty block statement                                                      no-empty
  2:57298  warning  Expected a conditional expression and instead saw an assignment            no-cond-assign
  2:59847  warning  Expected a conditional expression and instead saw an assignment            no-cond-assign
  2:64132  warning  Expected a conditional expression and instead saw an assignment            no-cond-assign
  2:65877  warning  Expected a conditional expression and instead saw an assignment            no-cond-assign
  2:65943  warning  Expected a conditional expression and instead saw an assignment            no-cond-assign
  2:66247  warning  Expected a conditional expression and instead saw an assignment            no-cond-assign
  2:66313  warning  Expected a conditional expression and instead saw an assignment            no-cond-assign
  2:66720  warning  Expected a conditional expression and instead saw an assignment            no-cond-assign
  2:66997  warning  Expected a conditional expression and instead saw an assignment            no-cond-assign
  2:72432  warning  Expected a conditional expression and instead saw an assignment            no-cond-assign
  2:74924  warning  Expected a conditional expression and instead saw an assignment            no-cond-assign
  2:75645  warning  'l.href' is assigned to itself                                             no-self-assign
  2:79204  warning  Empty block statement                                                      no-empty
  2:83243  warning  Expected a conditional expression and instead saw an assignment            no-cond-assign
  2:83243  warning  'l' is assigned a value but never used                                     no-unused-vars
  2:86651  warning  'define' is not defined                                                    no-undef
  2:86663  warning  'define' is not defined                                                    no-undef

/home/runner/work/exp-determination-of-ts-nitk/exp-determination-of-ts-nitk/experiment/simulation/js/solids.js
     2:5   warning  'a' is defined but never used                no-unused-vars
     2:7   warning  'b' is defined but never used                no-unused-vars
     2:9   warning  'c' is assigned a value but never used       no-unused-vars
     3:5   warning  'n' is assigned a value but never used       no-unused-vars
     4:5   warning  'op1' is assigned a value but never used     no-unused-vars
     5:5   warning  'op2' is assigned a value but never used     no-unused-vars
     6:5   warning  'count' is assigned a value but never used   no-unused-vars
    13:3   warning  Mixed spaces and tabs                        no-mixed-spaces-and-tabs
    14:3   warning  Mixed spaces and tabs                        no-mixed-spaces-and-tabs
    15:3   warning  Mixed spaces and tabs                        no-mixed-spaces-and-tabs
    16:3   warning  Mixed spaces and tabs                        no-mixed-spaces-and-tabs
    17:3   warning  Mixed spaces and tabs                        no-mixed-spaces-and-tabs
    18:3   warning  Mixed spaces and tabs                        no-mixed-spaces-and-tabs
    19:3   warning  Mixed spaces and tabs                        no-mixed-spaces-and-tabs
    41:3   warning  Mixed spaces and tabs                        no-mixed-spaces-and-tabs
    42:3   warning  Mixed spaces and tabs                        no-mixed-spaces-and-tabs
    43:3   warning  Mixed spaces and tabs                        no-mixed-spaces-and-tabs
    45:3   warning  Mixed spaces and tabs                        no-mixed-spaces-and-tabs
    46:3   warning  Mixed spaces and tabs                        no-mixed-spaces-and-tabs
    47:3   warning  Mixed spaces and tabs                        no-mixed-spaces-and-tabs
    51:1   warning  Mixed spaces and tabs                        no-mixed-spaces-and-tabs
    51:3   warning  '$' is not defined                           no-undef
    55:2   warning  'el' is not defined                          no-undef
    56:2   warning  'el' is not defined                          no-undef
    57:2   warning  'el' is not defined                          no-undef
    58:2   warning  'answer' is not defined                      no-undef
    58:21  warning  'el' is not defined                          no-undef
    60:6   warning  'j' is not defined                           no-undef
    60:10  warning  'j' is not defined                           no-undef
    60:32  warning  'j' is not defined                           no-undef
    62:3   warning  'opt' is not defined                         no-undef
    62:22  warning  'j' is not defined                           no-undef
    64:3   warning  'el' is not defined                          no-undef
    65:3   warning  'el' is not defined                          no-undef
    65:20  warning  'opt' is not defined                         no-undef
    66:3   warning  'el' is not defined                          no-undef
    66:14  warning  'opt' is not defined                         no-undef
    67:3   warning  'answer' is not defined                      no-undef
    67:22  warning  'el' is not defined                          no-undef
    68:3   warning  '$' is not defined                           no-undef
    70:7   warning  '$' is not defined                           no-undef
    90:1   warning  '$' is not defined                           no-undef
    92:2   warning  '$' is not defined                           no-undef
    97:10  warning  'navNext' is defined but never used          no-unused-vars
    99:6   warning  'temp' is not defined                        no-undef
    99:13  warning  'temp' is not defined                        no-undef
    99:22  warning  'temp' is not defined                        no-undef
   101:36  warning  'temp' is not defined                        no-undef
   103:2   warning  'simsubscreennum' is not defined             no-undef
   104:35  warning  'simsubscreennum' is not defined             no-undef
   122:20  warning  'myInt' is not defined                       no-undef
   137:3   warning  Mixed spaces and tabs                        no-mixed-spaces-and-tabs
   140:2   warning  Mixed spaces and tabs                        no-mixed-spaces-and-tabs
   141:2   warning  Mixed spaces and tabs                        no-mixed-spaces-and-tabs
   147:5   warning  'looper' is assigned a value but never used  no-unused-vars
   149:9   warning  'cnt' is assigned a value but never used     no-unused-vars
   150:6   warning  'degrees' is already defined                 no-redeclare
   151:6   warning  'i' is assigned a value but never used       no-unused-vars
   151:10  warning  'k' is assigned a value but never used       no-unused-vars
   154:1   warning  Mixed spaces and tabs                        no-mixed-spaces-and-tabs
   155:1   warning  Mixed spaces and tabs                        no-mixed-spaces-and-tabs
   157:2   warning  Mixed spaces and tabs                        no-mixed-spaces-and-tabs
   158:1   warning  Mixed spaces and tabs                        no-mixed-spaces-and-tabs
   161:2   warning  Mixed spaces and tabs                        no-mixed-spaces-and-tabs
   162:1   warning  Mixed spaces and tabs                        no-mixed-spaces-and-tabs
   165:2   warning  Mixed spaces and tabs                        no-mixed-spaces-and-tabs
   166:1   warning  Mixed spaces and tabs                        no-mixed-spaces-and-tabs
   169:2   warning  Mixed spaces and tabs                        no-mixed-spaces-and-tabs
   170:1   warning  Mixed spaces and tabs                        no-mixed-spaces-and-tabs
   173:2   warning  Mixed spaces and tabs                        no-mixed-spaces-and-tabs
   174:1   warning  Mixed spaces and tabs                        no-mixed-spaces-and-tabs
   175:1   warning  Mixed spaces and tabs                        no-mixed-spaces-and-tabs
   176:1   warning  Mixed spaces and tabs                        no-mixed-spaces-and-tabs
   177:1   warning  Mixed spaces and tabs                        no-mixed-spaces-and-tabs
   183:5   warning  'simsubscreennum' is not defined             no-undef
   185:3   warning  '$' is not defined                           no-undef
   191:5   warning  'simsubscreennum' is not defined             no-undef
   194:3   warning  'myInt' is not defined                       no-undef
   205:4   warning  '$' is not defined                           no-undef
   208:5   warning  '$' is not defined                           no-undef
   211:6   warning  '$' is not defined                           no-undef
   214:7   warning  '$' is not defined                           no-undef
   217:8   warning  'myInt' is not defined                       no-undef
   228:9   warning  '$' is not defined                           no-undef
   229:9   warning  '$' is not defined                           no-undef
   230:9   warning  '$' is not defined                           no-undef
   231:9   warning  '$' is not defined                           no-undef
   232:9   warning  'myInt' is not defined                       no-undef
   239:9   warning  '$' is not defined                           no-undef
   242:10  warning  '$' is not defined                           no-undef
   243:10  warning  '$' is not defined                           no-undef
   244:10  warning  '$' is not defined                           no-undef
   245:10  warning  '$' is not defined                           no-undef
   246:10  warning  '$' is not defined                           no-undef
   247:10  warning  '$' is not defined                           no-undef
   250:11  warning  '$' is not defined                           no-undef
   251:11  warning  '$' is not defined                           no-undef
   254:12  warning  '$' is not defined                           no-undef
   255:12  warning  '$' is not defined                           no-undef
   258:13  warning  '$' is not defined                           no-undef
   259:13  warning  '$' is not defined                           no-undef
   262:14  warning  '$' is not defined                           no-undef
   263:14  warning  '$' is not defined                           no-undef
   264:14  warning  '$' is not defined                           no-undef
   266:14  warning  'myInt' is not defined                       no-undef
   273:14  warning  '$' is not defined                           no-undef
   276:15  warning  '$' is not defined                           no-undef
   277:15  warning  '$' is not defined                           no-undef
   278:15  warning  '$' is not defined                           no-undef
   279:15  warning  '$' is not defined                           no-undef
   281:15  warning  '$' is not defined                           no-undef
   284:16  warning  '$' is not defined                           no-undef
   287:17  warning  '$' is not defined                           no-undef
   288:17  warning  '$' is not defined                           no-undef
   290:17  warning  'myInt' is not defined                       no-undef
   301:18  warning  '$' is not defined                           no-undef
   304:19  warning  '$' is not defined                           no-undef
   307:20  warning  '$' is not defined                           no-undef
   330:5   warning  'simsubscreennum' is not defined             no-undef
   336:4   warning  'myInt' is not defined                       no-undef
   341:3   warning  Mixed spaces and tabs                        no-mixed-spaces-and-tabs
   343:4   warning  '$' is not defined                           no-undef
   346:5   warning  '$' is not defined                           no-undef
   347:5   warning  '$' is not defined                           no-undef
   348:5   warning  '$' is not defined                           no-undef
   350:5   warning  'myInt' is not defined                       no-undef
   355:4   warning  Mixed spaces and tabs                        no-mixed-spaces-and-tabs
   357:5   warning  '$' is not defined                           no-undef
   360:6   warning  '$' is not defined                           no-undef
   361:6   warning  '$' is not defined                           no-undef
   362:6   warning  '$' is not defined                           no-undef
   363:6   warning  '$' is not defined                           no-undef
   366:7   warning  '$' is not defined                           no-undef
   368:8   warning  '$' is not defined                           no-undef
   369:8   warning  '$' is not defined                           no-undef
   370:8   warning  '$' is not defined                           no-undef
   381:9   warning  'myInt' is not defined                       no-undef
   386:8   warning  Mixed spaces and tabs                        no-mixed-spaces-and-tabs
   388:9   warning  '$' is not defined                           no-undef
   391:10  warning  '$' is not defined                           no-undef
   392:10  warning  '$' is not defined                           no-undef
   393:10  warning  '$' is not defined                           no-undef
   394:10  warning  '$' is not defined                           no-undef
   395:10  warning  '$' is not defined                           no-undef
   398:11  warning  '$' is not defined                           no-undef
   401:12  warning  '$' is not defined                           no-undef
   402:12  warning  '$' is not defined                           no-undef
   403:12  warning  'myInt' is not defined                       no-undef
   408:11  warning  Mixed spaces and tabs                        no-mixed-spaces-and-tabs
   410:12  warning  '$' is not defined                           no-undef
   413:13  warning  '$' is not defined                           no-undef
   414:13  warning  '$' is not defined                           no-undef
   416:13  warning  '$' is not defined                           no-undef
   417:13  warning  '$' is not defined                           no-undef
   420:13  warning  'myInt' is not defined                       no-undef
   425:12  warning  Mixed spaces and tabs                        no-mixed-spaces-and-tabs
   427:13  warning  '$' is not defined                           no-undef
   430:14  warning  '$' is not defined                           no-undef
   431:14  warning  '$' is not defined                           no-undef
   432:14  warning  '$' is not defined                           no-undef
   433:14  warning  '$' is not defined                           no-undef
   436:15  warning  '$' is not defined                           no-undef
   439:16  warning  '$' is not defined                           no-undef
   440:16  warning  '$' is not defined                           no-undef
   441:16  warning  '$' is not defined                           no-undef
   449:16  warning  'myInt' is not defined                       no-undef
   454:15  warning  Mixed spaces and tabs                        no-mixed-spaces-and-tabs
   456:16  warning  '$' is not defined                           no-undef
   459:17  warning  '$' is not defined                           no-undef
   460:17  warning  '$' is not defined                           no-undef
   462:17  warning  '$' is not defined                           no-undef
   463:17  warning  '$' is not defined                           no-undef
   466:18  warning  'myInt' is not defined                       no-undef
   471:17  warning  Mixed spaces and tabs                        no-mixed-spaces-and-tabs
   473:18  warning  '$' is not defined                           no-undef
   476:19  warning  '$' is not defined                           no-undef
   477:19  warning  '$' is not defined                           no-undef
   478:19  warning  '$' is not defined                           no-undef
   479:19  warning  '$' is not defined                           no-undef
   482:20  warning  '$' is not defined                           no-undef
   485:21  warning  '$' is not defined                           no-undef
   486:21  warning  '$' is not defined                           no-undef
   492:21  warning  '$' is not defined                           no-undef
   502:22  warning  'myInt' is not defined                       no-undef
   507:21  warning  Mixed spaces and tabs                        no-mixed-spaces-and-tabs
   509:22  warning  '$' is not defined                           no-undef
   512:23  warning  '$' is not defined                           no-undef
   513:23  warning  '$' is not defined                           no-undef
   514:23  warning  '$' is not defined                           no-undef
   515:23  warning  '$' is not defined                           no-undef
   516:23  warning  '$' is not defined                           no-undef
   519:24  warning  '$' is not defined                           no-undef
   522:25  warning  '$' is not defined                           no-undef
   523:25  warning  '$' is not defined                           no-undef
   550:5   warning  'simsubscreennum' is not defined             no-undef
   552:3   warning  '$' is not defined                           no-undef
   553:3   warning  '$' is not defined                           no-undef
   557:4   warning  'myInt' is not defined                       no-undef
   568:5   warning  '$' is not defined                           no-undef
   569:5   warning  '$' is not defined                           no-undef
   570:5   warning  '$' is not defined                           no-undef
   577:7   warning  '$' is not defined                           no-undef
   580:8   warning  '$' is not defined                           no-undef
   583:9   warning  '$' is not defined                           no-undef
   584:9   warning  '$' is not defined                           no-undef
   585:9   warning  '$' is not defined                           no-undef
   586:9   warning  '$' is not defined                           no-undef
   589:10  warning  'myInt' is not defined                       no-undef
   600:11  warning  '$' is not defined                           no-undef
   601:11  warning  '$' is not defined                           no-undef
   604:12  warning  '$' is not defined                           no-undef
   607:13  warning  '$' is not defined                           no-undef
   608:13  warning  '$' is not defined                           no-undef
   609:13  warning  '$' is not defined                           no-undef
   612:14  warning  'myInt' is not defined                       no-undef
   623:15  warning  '$' is not defined                           no-undef
   624:15  warning  '$' is not defined                           no-undef
   625:15  warning  '$' is not defined                           no-undef
   626:15  warning  '$' is not defined                           no-undef
   629:16  warning  '$' is not defined                           no-undef
   638:19  warning  '$' is not defined                           no-undef
   639:19  warning  '$' is not defined                           no-undef
   640:19  warning  '$' is not defined                           no-undef
   660:5   warning  'simsubscreennum' is not defined             no-undef
   662:3   warning  '$' is not defined                           no-undef
   663:3   warning  '$' is not defined                           no-undef
   664:3   warning  '$' is not defined                           no-undef
   665:3   warning  '$' is not defined                           no-undef
   666:3   warning  '$' is not defined                           no-undef
   667:3   warning  '$' is not defined                           no-undef
   668:3   warning  '$' is not defined                           no-undef
   669:3   warning  '$' is not defined                           no-undef
   670:3   warning  '$' is not defined                           no-undef
   674:4   warning  'myInt' is not defined                       no-undef
   685:5   warning  '$' is not defined                           no-undef
   686:5   warning  '$' is not defined                           no-undef
   687:5   warning  '$' is not defined                           no-undef
   694:7   warning  '$' is not defined                           no-undef
   697:8   warning  '$' is not defined                           no-undef
   700:9   warning  '$' is not defined                           no-undef
   701:9   warning  '$' is not defined                           no-undef
   702:9   warning  '$' is not defined                           no-undef
   703:9   warning  '$' is not defined                           no-undef
   706:10  warning  'myInt' is not defined                       no-undef
   717:11  warning  '$' is not defined                           no-undef
   718:11  warning  '$' is not defined                           no-undef
   719:11  warning  '$' is not defined                           no-undef
   720:11  warning  '$' is not defined                           no-undef
   721:11  warning  '$' is not defined                           no-undef
   724:12  warning  '$' is not defined                           no-undef
   725:12  warning  '$' is not defined                           no-undef
   728:13  warning  '$' is not defined                           no-undef
   729:13  warning  '$' is not defined                           no-undef
   730:13  warning  '$' is not defined                           no-undef
   733:14  warning  '$' is not defined                           no-undef
   734:14  warning  '$' is not defined                           no-undef
   735:14  warning  '$' is not defined                           no-undef
   736:14  warning  '$' is not defined                           no-undef
   737:14  warning  '$' is not defined                           no-undef
   752:5   warning  'simsubscreennum' is not defined             no-undef
   754:3   warning  '$' is not defined                           no-undef
   755:3   warning  '$' is not defined                           no-undef
   756:3   warning  '$' is not defined                           no-undef
   757:3   warning  '$' is not defined                           no-undef
   758:3   warning  '$' is not defined                           no-undef
   759:3   warning  '$' is not defined                           no-undef
   760:3   warning  '$' is not defined                           no-undef
   761:3   warning  '$' is not defined                           no-undef
   766:4   warning  'myInt' is not defined                       no-undef
   777:5   warning  '$' is not defined                           no-undef
   778:5   warning  '$' is not defined                           no-undef
   779:5   warning  '$' is not defined                           no-undef
   780:5   warning  '$' is not defined                           no-undef
   784:6   warning  '$' is not defined                           no-undef
   787:7   warning  '$' is not defined                           no-undef
   788:7   warning  '$' is not defined                           no-undef
   789:7   warning  '$' is not defined                           no-undef
   790:7   warning  '$' is not defined                           no-undef
   793:8   warning  '$' is not defined                           no-undef
   794:8   warning  '$' is not defined                           no-undef
   798:9   warning  '$' is not defined                           no-undef
   799:9   warning  '$' is not defined                           no-undef
   802:10  warning  'myInt' is not defined                       no-undef
   809:10  warning  '$' is not defined                           no-undef
   812:11  warning  '$' is not defined                           no-undef
   813:11  warning  '$' is not defined                           no-undef
   816:12  warning  '$' is not defined                           no-undef
   817:12  warning  '$' is not defined                           no-undef
   818:12  warning  '$' is not defined                           no-undef
   819:12  warning  'myInt' is not defined                       no-undef
   826:12  warning  '$' is not defined                           no-undef
   829:13  warning  '$' is not defined                           no-undef
   830:13  warning  '$' is not defined                           no-undef
   831:13  warning  '$' is not defined                           no-undef
   832:13  warning  '$' is not defined                           no-undef
   833:13  warning  '$' is not defined                           no-undef
   834:13  warning  '$' is not defined                           no-undef
   835:13  warning  '$' is not defined                           no-undef
   836:13  warning  '$' is not defined                           no-undef
   839:14  warning  '$' is not defined                           no-undef
   841:13  warning  '$' is not defined                           no-undef
   844:14  warning  '$' is not defined                           no-undef
   845:14  warning  '$' is not defined                           no-undef
   848:15  warning  '$' is not defined                           no-undef
   849:15  warning  '$' is not defined                           no-undef
   852:16  warning  '$' is not defined                           no-undef
   853:16  warning  '$' is not defined                           no-undef
   854:16  warning  '$' is not defined                           no-undef
   857:17  warning  '$' is not defined                           no-undef
   858:17  warning  '$' is not defined                           no-undef
   859:17  warning  '$' is not defined                           no-undef
   860:17  warning  'myInt' is not defined                       no-undef
   867:17  warning  '$' is not defined                           no-undef
   870:18  warning  '$' is not defined                           no-undef
   871:18  warning  '$' is not defined                           no-undef
   872:18  warning  '$' is not defined                           no-undef
   873:18  warning  '$' is not defined                           no-undef
   874:18  warning  '$' is not defined                           no-undef
   877:19  warning  '$' is not defined                           no-undef
   878:19  warning  '$' is not defined                           no-undef
   879:19  warning  '$' is not defined                           no-undef
   880:19  warning  '$' is not defined                           no-undef
   881:19  warning  '$' is not defined                           no-undef
   884:20  warning  '$' is not defined                           no-undef
   907:5   warning  'simsubscreennum' is not defined             no-undef
   909:3   warning  '$' is not defined                           no-undef
   910:3   warning  '$' is not defined                           no-undef
   911:3   warning  '$' is not defined                           no-undef
   912:3   warning  '$' is not defined                           no-undef
   913:3   warning  '$' is not defined                           no-undef
   914:3   warning  '$' is not defined                           no-undef
   915:3   warning  '$' is not defined                           no-undef
   916:3   warning  '$' is not defined                           no-undef
   917:3   warning  '$' is not defined                           no-undef
   918:3   warning  '$' is not defined                           no-undef
   919:3   warning  '$' is not defined                           no-undef
   920:3   warning  '$' is not defined                           no-undef
   921:3   warning  '$' is not defined                           no-undef
   922:3   warning  '$' is not defined                           no-undef
   923:3   warning  '$' is not defined                           no-undef
   929:5   warning  'simsubscreennum' is not defined             no-undef
   931:3   warning  '$' is not defined                           no-undef
   935:5   warning  'simsubscreennum' is not defined             no-undef
   938:3   warning  '$' is not defined                           no-undef
   939:3   warning  '$' is not defined                           no-undef
   940:3   warning  '$' is not defined                           no-undef
   941:3   warning  '$' is not defined                           no-undef
   942:3   warning  '$' is not defined                           no-undef
   943:3   warning  '$' is not defined                           no-undef
   944:3   warning  '$' is not defined                           no-undef
   946:3   warning  '$' is not defined                           no-undef
   947:3   warning  '$' is not defined                           no-undef
   950:4   warning  'myInt' is not defined                       no-undef
   957:4   warning  '$' is not defined                           no-undef
   960:5   warning  '$' is not defined                           no-undef
   961:5   warning  '$' is not defined                           no-undef
   964:5   warning  'myInt' is not defined                       no-undef
   969:4   warning  Mixed spaces and tabs                        no-mixed-spaces-and-tabs
   971:5   warning  '$' is not defined                           no-undef
   974:6   warning  '$' is not defined                           no-undef
   975:6   warning  '$' is not defined                           no-undef
   976:6   warning  '$' is not defined                           no-undef
   977:6   warning  '$' is not defined                           no-undef
   980:7   warning  '$' is not defined                           no-undef
   983:61  warning  Unnecessary semicolon                        no-extra-semi
   984:8   warning  '$' is not defined                           no-undef
   985:8   warning  '$' is not defined                           no-undef
   986:8   warning  '$' is not defined                           no-undef
   993:8   warning  'myInt' is not defined                       no-undef
   998:7   warning  Mixed spaces and tabs                        no-mixed-spaces-and-tabs
  1000:8   warning  '$' is not defined                           no-undef
  1003:9   warning  '$' is not defined                           no-undef
  1004:9   warning  '$' is not defined                           no-undef
  1005:9   warning  '$' is not defined                           no-undef
  1006:9   warning  '$' is not defined                           no-undef
  1007:9   warning  '$' is not defined                           no-undef
  1010:10  warning  '$' is not defined                           no-undef
  1013:11  warning  '$' is not defined                           no-undef
  1014:11  warning  '$' is not defined                           no-undef
  1015:11  warning  '$' is not defined                           no-undef
  1018:12  warning  'myInt' is not defined                       no-undef
  1025:12  warning  '$' is not defined                           no-undef
  1028:13  warning  '$' is not defined                           no-undef
  1029:13  warning  '$' is not defined                           no-undef
  1030:13  warning  'myInt' is not defined                       no-undef
  1035:12  warning  Mixed spaces and tabs                        no-mixed-spaces-and-tabs
  1037:13  warning  '$' is not defined                           no-undef
  1040:14  warning  '$' is not defined                           no-undef
  1041:14  warning  '$' is not defined                           no-undef
  1042:14  warning  '$' is not defined                           no-undef
  1043:14  warning  '$' is not defined                           no-undef
  1046:15  warning  '$' is not defined                           no-undef
  1049:16  warning  '$' is not defined                           no-undef
  1050:16  warning  '$' is not defined                           no-undef
  1053:16  warning  '$' is not defined                           no-undef
  1061:16  warning  'myInt' is not defined                       no-undef
  1066:15  warning  Mixed spaces and tabs                        no-mixed-spaces-and-tabs
  1068:16  warning  '$' is not defined                           no-undef
  1071:17  warning  '$' is not defined                           no-undef
  1072:17  warning  '$' is not defined                           no-undef
  1073:17  warning  '$' is not defined                           no-undef
  1074:17  warning  '$' is not defined                           no-undef
  1075:17  warning  '$' is not defined                           no-undef
  1078:18  warning  '$' is not defined                           no-undef
  1081:19  warning  '$' is not defined                           no-undef
  1082:19  warning  '$' is not defined                           no-undef
  1103:5   warning  'simsubscreennum' is not defined             no-undef
  1105:3   warning  '$' is not defined                           no-undef
  1106:3   warning  '$' is not defined                           no-undef
  1107:3   warning  '$' is not defined                           no-undef
  1121:5   warning  'n1' is not defined                          no-undef
  1123:19  warning  'n1' is not defined                          no-undef
  1160:5   warning  'simsubscreennum' is not defined             no-undef
  1162:3   warning  '$' is not defined                           no-undef
  1163:3   warning  '$' is not defined                           no-undef
  1164:3   warning  '$' is not defined                           no-undef
  1165:3   warning  '$' is not defined                           no-undef
  1166:3   warning  '$' is not defined                           no-undef
  1167:3   warning  '$' is not defined                           no-undef
  1168:3   warning  '$' is not defined                           no-undef
  1169:3   warning  '$' is not defined                           no-undef
  1170:3   warning  '$' is not defined                           no-undef
  1171:3   warning  '$' is not defined                           no-undef
  1172:3   warning  '$' is not defined                           no-undef
  1185:5   warning  'n11' is not defined                         no-undef
  1187:19  warning  'n11' is not defined                         no-undef
  1217:5   warning  'simsubscreennum' is not defined             no-undef
  1221:3   warning  '$' is not defined                           no-undef
  1227:5   warning  'simsubscreennum' is not defined             no-undef
  1230:3   warning  'myInt' is not defined                       no-undef
  1237:3   warning  '$' is not defined                           no-undef
  1240:4   warning  '$' is not defined                           no-undef
  1241:4   warning  '$' is not defined                           no-undef
  1242:4   warning  '$' is not defined                           no-undef
  1243:4   warning  '$' is not defined                           no-undef
  1244:4   warning  '$' is not defined                           no-undef
  1247:5   warning  '$' is not defined                           no-undef
  1250:6   warning  '$' is not defined                           no-undef
  1253:7   warning  '$' is not defined                           no-undef
  1254:7   warning  '$' is not defined                           no-undef
  1255:7   warning  '$' is not defined                           no-undef
  1256:7   warning  '$' is not defined                           no-undef
  1257:7   warning  '$' is not defined                           no-undef
  1258:7   warning  '$' is not defined                           no-undef
  1259:7   warning  '$' is not defined                           no-undef
  1260:7   warning  '$' is not defined                           no-undef
  1263:8   warning  'myInt' is not defined                       no-undef
  1276:9   warning  '$' is not defined                           no-undef
  1279:10  warning  'myInt' is not defined                       no-undef
  1290:11  warning  '$' is not defined                           no-undef
  1291:11  warning  '$' is not defined                           no-undef
  1292:11  warning  '$' is not defined                           no-undef
  1295:12  warning  '$' is not defined                           no-undef
  1298:13  warning  '$' is not defined                           no-undef
  1299:13  warning  '$' is not defined                           no-undef
  1301:13  warning  '$' is not defined                           no-undef
  1302:13  warning  'myInt' is not defined                       no-undef
  1315:14  warning  '$' is not defined                           no-undef
  1325:16  warning  'myInt' is not defined                       no-undef
  1341:17  warning  '$' is not defined                           no-undef
  1344:18  warning  'myInt' is not defined                       no-undef
  1355:19  warning  '$' is not defined                           no-undef
  1356:19  warning  '$' is not defined                           no-undef
  1357:19  warning  '$' is not defined                           no-undef
  1358:19  warning  '$' is not defined                           no-undef
  1359:19  warning  '$' is not defined                           no-undef
  1360:19  warning  '$' is not defined                           no-undef
  1361:19  warning  '$' is not defined                           no-undef
  1362:17  warning  Mixed spaces and tabs                        no-mixed-spaces-and-tabs
  1362:20  warning  '$' is not defined                           no-undef
  1367:20  warning  '$' is not defined                           no-undef
  1368:18  warning  Mixed spaces and tabs                        no-mixed-spaces-and-tabs
  1368:21  warning  '$' is not defined                           no-undef
  1369:18  warning  Mixed spaces and tabs                        no-mixed-spaces-and-tabs
  1369:21  warning  '$' is not defined                           no-undef
  1370:18  warning  Mixed spaces and tabs                        no-mixed-spaces-and-tabs
  1371:18  warning  Mixed spaces and tabs                        no-mixed-spaces-and-tabs
  1372:20  warning  '$' is not defined                           no-undef
  1373:20  warning  '$' is not defined                           no-undef
  1376:21  warning  '$' is not defined                           no-undef
  1377:21  warning  '$' is not defined                           no-undef
  1378:21  warning  '$' is not defined                           no-undef
  1379:21  warning  '$' is not defined                           no-undef
  1380:21  warning  '$' is not defined                           no-undef
  1381:21  warning  '$' is not defined                           no-undef
  1382:21  warning  '$' is not defined                           no-undef
  1383:21  warning  '$' is not defined                           no-undef
  1384:21  warning  '$' is not defined                           no-undef
  1385:21  warning  '$' is not defined                           no-undef
  1386:21  warning  'myInt' is not defined                       no-undef
  1397:22  warning  '$' is not defined                           no-undef
  1400:23  warning  '$' is not defined                           no-undef
  1408:18  warning  Mixed spaces and tabs                        no-mixed-spaces-and-tabs
  1428:5   warning  'simsubscreennum' is not defined             no-undef
  1430:3   warning  '$' is not defined                           no-undef
  1431:3   warning  '$' is not defined                           no-undef
  1432:3   warning  '$' is not defined                           no-undef
  1433:3   warning  '$' is not defined                           no-undef
  1438:4   warning  'myInt' is not defined                       no-undef
  1443:3   warning  Mixed spaces and tabs                        no-mixed-spaces-and-tabs
  1445:4   warning  '$' is not defined                           no-undef
  1448:5   warning  '$' is not defined                           no-undef
  1449:5   warning  '$' is not defined                           no-undef
  1450:5   warning  '$' is not defined                           no-undef
  1452:5   warning  'myInt' is not defined                       no-undef
  1457:4   warning  Mixed spaces and tabs                        no-mixed-spaces-and-tabs
  1459:5   warning  '$' is not defined                           no-undef
  1462:6   warning  '$' is not defined                           no-undef
  1463:6   warning  '$' is not defined                           no-undef
  1464:6   warning  '$' is not defined                           no-undef
  1465:6   warning  '$' is not defined                           no-undef
  1468:7   warning  '$' is not defined                           no-undef
  1470:8   warning  '$' is not defined                           no-undef
  1471:8   warning  '$' is not defined                           no-undef
  1473:8   warning  '$' is not defined                           no-undef
  1484:9   warning  'myInt' is not defined                       no-undef
  1489:8   warning  Mixed spaces and tabs                        no-mixed-spaces-and-tabs
  1491:9   warning  '$' is not defined                           no-undef
  1494:10  warning  '$' is not defined                           no-undef
  1495:10  warning  '$' is not defined                           no-undef
  1496:10  warning  '$' is not defined                           no-undef
  1497:10  warning  '$' is not defined                           no-undef
  1498:10  warning  '$' is not defined                           no-undef
  1501:11  warning  '$' is not defined                           no-undef
  1504:12  warning  '$' is not defined                           no-undef
  1505:12  warning  '$' is not defined                           no-undef
  1506:12  warning  'myInt' is not defined                       no-undef
  1511:11  warning  Mixed spaces and tabs                        no-mixed-spaces-and-tabs
  1513:12  warning  '$' is not defined                           no-undef
  1516:13  warning  '$' is not defined                           no-undef
  1517:13  warning  '$' is not defined                           no-undef
  1519:13  warning  '$' is not defined                           no-undef
  1520:13  warning  '$' is not defined                           no-undef
  1535:5   warning  'simsubscreennum' is not defined             no-undef
  1549:5   warning  'nn1' is not defined                         no-undef
  1551:19  warning  'nn1' is not defined                         no-undef
  1587:5   warning  'simsubscreennum' is not defined             no-undef
  1608:10  warning  'checkInference' is defined but never used   no-unused-vars
  1610:6   warning  'str' is defined but never used              no-unused-vars
  1612:5   warning  '$' is not defined                           no-undef
  1633:3   warning  '$' is not defined                           no-undef
  1639:2   warning  '$' is not defined                           no-undef
  1640:2   warning  '$' is not defined                           no-undef
  1641:2   warning  '$' is not defined                           no-undef
  1643:2   warning  'myInt' is not defined                       no-undef
  1654:3   warning  '$' is not defined                           no-undef
  1655:3   warning  '$' is not defined                           no-undef
  1656:3   warning  '$' is not defined                           no-undef
  1657:3   warning  '$' is not defined                           no-undef
  1660:4   warning  '$' is not defined                           no-undef
  1661:4   warning  '$' is not defined                           no-undef
  1662:4   warning  '$' is not defined                           no-undef
  1663:4   warning  '$' is not defined                           no-undef
  1664:4   warning  '$' is not defined                           no-undef
  1665:4   warning  '$' is not defined                           no-undef
  1668:5   warning  '$' is not defined                           no-undef
  1669:5   warning  '$' is not defined                           no-undef
  1670:5   warning  'myInt' is not defined                       no-undef
  1681:6   warning  '$' is not defined                           no-undef
  1684:7   warning  '$' is not defined                           no-undef
  1685:7   warning  '$' is not defined                           no-undef
  1686:7   warning  '$' is not defined                           no-undef
  1687:7   warning  'myInt' is not defined                       no-undef
  1702:9   warning  '$' is not defined                           no-undef
  1703:9   warning  '$' is not defined                           no-undef
  1704:9   warning  '$' is not defined                           no-undef
  1705:9   warning  '$' is not defined                           no-undef
  1706:9   warning  '$' is not defined                           no-undef
  1707:9   warning  '$' is not defined                           no-undef
  1708:9   warning  '$' is not defined                           no-undef
  1711:10  warning  '$' is not defined                           no-undef
  1712:10  warning  '$' is not defined                           no-undef
  1714:9   warning  '$' is not defined                           no-undef
  1717:10  warning  '$' is not defined                           no-undef
  1723:12  warning  '$' is not defined                           no-undef
  1724:12  warning  '$' is not defined                           no-undef
  1725:12  warning  '$' is not defined                           no-undef
  1728:13  warning  '$' is not defined                           no-undef
  1731:14  warning  '$' is not defined                           no-undef
  1732:14  warning  '$' is not defined                           no-undef
  1733:14  warning  '$' is not defined                           no-undef
  1735:14  warning  'myInt' is not defined                       no-undef
  1746:15  warning  '$' is not defined                           no-undef
  1788:2   warning  '$' is not defined                           no-undef
  1789:2   warning  '$' is not defined                           no-undef
  1790:2   warning  '$' is not defined                           no-undef
  1791:2   warning  '$' is not defined                           no-undef
  1792:2   warning  '$' is not defined                           no-undef
  1794:2   warning  'myInt' is not defined                       no-undef
  1805:3   warning  '$' is not defined                           no-undef
  1806:3   warning  '$' is not defined                           no-undef
  1807:3   warning  '$' is not defined                           no-undef
  1808:3   warning  '$' is not defined                           no-undef
  1811:4   warning  '$' is not defined                           no-undef
  1812:4   warning  '$' is not defined                           no-undef
  1813:4   warning  '$' is not defined                           no-undef
  1814:4   warning  '$' is not defined                           no-undef
  1815:4   warning  '$' is not defined                           no-undef
  1816:4   warning  '$' is not defined                           no-undef
  1817:4   warning  '$' is not defined                           no-undef
  1818:4   warning  '$' is not defined                           no-undef
  1823:6   warning  '$' is not defined                           no-undef
  1824:6   warning  '$' is not defined                           no-undef
  1825:6   warning  '$' is not defined                           no-undef
  1836:2   warning  '$' is not defined                           no-undef
  1837:2   warning  '$' is not defined                           no-undef
  1838:2   warning  '$' is not defined                           no-undef
  1839:2   warning  '$' is not defined                           no-undef
  1840:2   warning  '$' is not defined                           no-undef
  1841:2   warning  '$' is not defined                           no-undef
  1844:3   warning  'myInt' is not defined                       no-undef
  1854:3   warning  Mixed spaces and tabs                        no-mixed-spaces-and-tabs
  1854:5   warning  '$' is not defined                           no-undef
  1861:5   warning  'myInt' is not defined                       no-undef
  1872:6   warning  '$' is not defined                           no-undef
  1876:6   warning  '$' is not defined                           no-undef
  1879:7   warning  '$' is not defined                           no-undef
  1889:8   warning  '$' is not defined                           no-undef
  1890:8   warning  'myInt' is not defined                       no-undef
  1902:9   warning  '$' is not defined                           no-undef
  1908:10  warning  'myInt' is not defined                       no-undef
  1942:3   warning  '$' is not defined                           no-undef
  1943:3   warning  '$' is not defined                           no-undef
  1944:3   warning  '$' is not defined                           no-undef
  1945:3   warning  '$' is not defined                           no-undef
  1946:3   warning  '$' is not defined                           no-undef
  1947:3   warning  '$' is not defined                           no-undef
  1948:3   warning  '$' is not defined                           no-undef
  1949:3   warning  '$' is not defined                           no-undef
  1950:3   warning  '$' is not defined                           no-undef
  1952:3   warning  '$' is not defined                           no-undef
  1953:3   warning  '$' is not defined                           no-undef
  1954:3   warning  '$' is not defined                           no-undef
  1960:3   warning  'myInt' is not defined                       no-undef
  1970:3   warning  Mixed spaces and tabs                        no-mixed-spaces-and-tabs
  1970:5   warning  '$' is not defined                           no-undef
  1977:5   warning  'myInt' is not defined                       no-undef
  1988:6   warning  '$' is not defined                           no-undef
  1989:6   warning  '$' is not defined                           no-undef
  1990:6   warning  '$' is not defined                           no-undef
  1993:7   warning  '$' is not defined                           no-undef
  1997:8   warning  '$' is not defined                           no-undef
  1998:8   warning  '$' is not defined                           no-undef
  1999:8   warning  'myInt' is not defined                       no-undef
  2010:9   warning  '$' is not defined                           no-undef
  2033:3   warning  'myInt' is not defined                       no-undef
  2043:3   warning  Mixed spaces and tabs                        no-mixed-spaces-and-tabs
  2043:5   warning  '$' is not defined                           no-undef
  2049:6   warning  'myInt' is not defined                       no-undef
  2062:7   warning  '$' is not defined                           no-undef
  2065:8   warning  '$' is not defined                           no-undef
  2069:9   warning  '$' is not defined                           no-undef
  2084:3   warning  'myInt' is not defined                       no-undef
  2099:5   warning  '$' is not defined                           no-undef
  2102:6   warning  '$' is not defined                           no-undef
  2106:7   warning  '$' is not defined                           no-undef
  2108:7   warning  'myInt' is not defined                       no-undef
  2120:8   warning  '$' is not defined                           no-undef
  2126:10  warning  '$' is not defined                           no-undef
  2127:10  warning  '$' is not defined                           no-undef
  2128:10  warning  '$' is not defined                           no-undef
  2129:10  warning  '$' is not defined                           no-undef
  2130:10  warning  '$' is not defined                           no-undef
  2131:10  warning  '$' is not defined                           no-undef
  2132:10  warning  '$' is not defined                           no-undef
  2133:10  warning  '$' is not defined                           no-undef
  2134:10  warning  '$' is not defined                           no-undef
  2135:10  warning  '$' is not defined                           no-undef
  2136:10  warning  '$' is not defined                           no-undef
  2137:10  warning  '$' is not defined                           no-undef
  2139:10  warning  '$' is not defined                           no-undef
  2156:2   warning  '$' is not defined                           no-undef
  2157:2   warning  '$' is not defined                           no-undef
  2158:2   warning  '$' is not defined                           no-undef
  2159:2   warning  '$' is not defined                           no-undef
  2160:2   warning  '$' is not defined                           no-undef
  2161:2   warning  '$' is not defined                           no-undef
  2163:2   warning  '$' is not defined                           no-undef
  2167:3   warning  '$' is not defined                           no-undef
  2168:3   warning  'myInt' is not defined                       no-undef
  2179:4   warning  '$' is not defined                           no-undef
  2182:5   warning  '$' is not defined                           no-undef
  2186:6   warning  'myInt' is not defined                       no-undef
  2199:7   warning  '$' is not defined                           no-undef
  2200:7   warning  '$' is not defined                           no-undef
  2203:8   warning  '$' is not defined                           no-undef
  2206:9   warning  '$' is not defined                           no-undef
  2207:9   warning  '$' is not defined                           no-undef
  2209:9   warning  'myInt' is not defined                       no-undef
  2220:10  warning  '$' is not defined                           no-undef
  2221:10  warning  '$' is not defined                           no-undef
  2222:10  warning  '$' is not defined                           no-undef
  2225:11  warning  '$' is not defined                           no-undef
  2226:11  warning  '$' is not defined                           no-undef
  2229:12  warning  '$' is not defined                           no-undef
  2230:12  warning  '$' is not defined                           no-undef
  2231:12  warning  '$' is not defined                           no-undef
  2232:12  warning  'myInt' is not defined                       no-undef
  2244:13  warning  '$' is not defined                           no-undef
  2247:14  warning  '$' is not defined                           no-undef
  2268:2   warning  '$' is not defined                           no-undef
  2269:2   warning  '$' is not defined                           no-undef
  2270:2   warning  '$' is not defined                           no-undef
  2271:2   warning  '$' is not defined                           no-undef
  2272:2   warning  '$' is not defined                           no-undef
  2273:2   warning  '$' is not defined                           no-undef
  2274:2   warning  '$' is not defined                           no-undef
  2287:4   warning  'n2' is not defined                          no-undef
  2289:18  warning  'n2' is not defined                          no-undef
  2323:2   warning  '$' is not defined                           no-undef
  2324:2   warning  '$' is not defined                           no-undef
  2325:2   warning  '$' is not defined                           no-undef
  2326:2   warning  '$' is not defined                           no-undef
  2327:2   warning  '$' is not defined                           no-undef
  2328:2   warning  '$' is not defined                           no-undef
  2340:4   warning  'nn2' is not defined                         no-undef
  2342:18  warning  'nn2' is not defined                         no-undef

 772 problems (0 errors, 772 warnings)
  0 errors and 1 warning potentially fixable with the `--fix` option.

